C51 COMPILER V9.02   ISR                                                                   03/12/2013 17:33:46 PAGE 1   


C51 COMPILER V9.02, COMPILATION OF MODULE ISR
OBJECT MODULE PLACED IN isr.OBJ
COMPILER INVOKED BY: D:\Program Files\Keil\C51\BIN\C51.EXE isr.c BROWSE DEBUG OBJECTEXTEND

line level    source

   1          #include <reg52.h>
   2          //#include <Type.h>
   3          long int a=0,b=0;
   4          extern int Count;
   5          long int HM=0x0105;
   6          long int ADD=0x5253AB;
   7          long int SUB=0x4C57A9;
   8          
   9          void ser() interrupt 4
  10          {
  11   1              unsigned int i;
  12   1              ES=0;
  13   1              for(i=0;i<2;i++)
  14   1              {
  15   2                      while(!RI);
  16   2                      a=(a<<8)|SBUF;
  17   2                      RI=0;
  18   2              }
  19   1              for(i=0;i<3;i++)
  20   1              {
  21   2                      while(!RI);
  22   2                      b=(b<<8)|SBUF;
  23   2                      RI=0;
  24   2              }
  25   1              if(a==HM&&b==ADD)
  26   1              {
  27   2                      Count++;
  28   2              }
  29   1              else if(a==HM&&b==SUB)
  30   1              {
  31   2                      Count--;
  32   2              }
  33   1              else{}
  34   1              a=0;
  35   1              b=0;
  36   1              ES=1;
  37   1      }


MODULE INFORMATION:   STATIC OVERLAYABLE
   CODE SIZE        =    296    ----
   CONSTANT SIZE    =   ----    ----
   XDATA SIZE       =   ----    ----
   PDATA SIZE       =   ----    ----
   DATA SIZE        =     20    ----
   IDATA SIZE       =   ----    ----
   BIT SIZE         =   ----    ----
END OF MODULE INFORMATION.


C51 COMPILATION COMPLETE.  0 WARNING(S),  0 ERROR(S)
