C51 COMPILER V9.02   KEY                                                                   03/12/2013 14:34:47 PAGE 1   


C51 COMPILER V9.02, COMPILATION OF MODULE KEY
OBJECT MODULE PLACED IN Key.OBJ
COMPILER INVOKED BY: D:\Program Files\Keil\C51\BIN\C51.EXE Key.c BROWSE DEBUG OBJECTEXTEND

line level    source

   1          #include <Key.h>
   2          
   3          char KeyNum;
   4          extern int Count;
   5          
   6          char ReadKey();
   7          
   8          void Key()
   9          {
  10   1              char keyvalue;
  11   1              keyvalue=ReadKey();
  12   1              if(keyvalue!=0x00)
  13   1              {
  14   2                      keyvalue=ReadKey();
  15   2                      while(ReadKey()!=0x00){}
  16   2              }
  17   1              if(keyvalue!=0x00)
  18   1              {
  19   2                      switch(keyvalue)        //只处理单个键按下的情况，多个键按下不识别，当作没有键按下
  20   2                      {
  21   3                              case 0x01:KeyNum=1;break;
  22   3                              case 0x02:KeyNum=2;break;
  23   3                              case 0x04:KeyNum=3;break;
  24   3                              case 0x08:KeyNum=4;break;
  25   3                              case 0x10:KeyNum=5;break;
  26   3                              case 0x20:KeyNum=6;break;
  27   3                              case 0x40:KeyNum=7;break;
  28   3                              case 0x80:KeyNum=8;break;
  29   3                              default:KeyNum=0;break;
  30   3                      }
  31   2              }
  32   1              else KeyNum=0;
  33   1              if(KeyNum==3) Count++;
  34   1              else if(KeyNum==7) Count--;
  35   1              else{}
  36   1      }
  37          
  38          char ReadKey()
  39          {
  40   1              char temp;
  41   1              P0=0xff;
  42   1              temp=P0;
  43   1              return ~temp;
  44   1      }


MODULE INFORMATION:   STATIC OVERLAYABLE
   CODE SIZE        =    136    ----
   CONSTANT SIZE    =   ----    ----
   XDATA SIZE       =   ----    ----
   PDATA SIZE       =   ----    ----
   DATA SIZE        =      1       1
   IDATA SIZE       =   ----    ----
   BIT SIZE         =   ----    ----
END OF MODULE INFORMATION.

C51 COMPILER V9.02   KEY                                                                   03/12/2013 14:34:47 PAGE 2   


C51 COMPILATION COMPLETE.  0 WARNING(S),  0 ERROR(S)
